  glad.c
  lights.cpp
C:\Users\Tymek\Desktop\programming\cpp\OPENGL_LIB\lights_review\lights_review\camera.h(95,12): warning C4244: "=": konwersja z "double" do "float", możliwa utrata danych
C:\Users\Tymek\Desktop\programming\cpp\OPENGL_LIB\lights_review\lights_review\camera.h(96,12): warning C4244: "=": konwersja z "double" do "float", możliwa utrata danych
C:\Users\Tymek\Desktop\programming\cpp\OPENGL_LIB\lights_review\lights_review\camera.h(100,17): warning C4244: "inicjowanie": konwersja z "double" do "float", możliwa utrata danych
C:\Users\Tymek\Desktop\programming\cpp\OPENGL_LIB\lights_review\lights_review\camera.h(101,17): warning C4244: "inicjowanie": konwersja z "double" do "float", możliwa utrata danych
C:\Users\Tymek\Desktop\programming\cpp\OPENGL_LIB\lights_review\lights_review\camera.h(102,11): warning C4244: "=": konwersja z "double" do "float", możliwa utrata danych
C:\Users\Tymek\Desktop\programming\cpp\OPENGL_LIB\lights_review\lights_review\camera.h(103,11): warning C4244: "=": konwersja z "double" do "float", możliwa utrata danych
C:\Users\Tymek\Desktop\programming\cpp\OPENGL_LIB\lights_review\lights_review\cubeClass.h(134,21): warning C4018: "<": niezgodność typu ze znakiem/bez znaku
C:\Users\Tymek\Desktop\programming\cpp\OPENGL_LIB\lights_review\lights_review\cubeClass.h(159,21): warning C4018: "<": niezgodność typu ze znakiem/bez znaku
C:\Users\Tymek\Desktop\programming\cpp\OPENGL_LIB\lights_review\lights_review\cubeClass.h(212,1): warning C4305: "*=": obcięcie z "double" do "T"
          with
          [
              T=float
          ]
C:\Users\Tymek\Desktop\programming\cpp\OPENGL_LIB\lights_review\lights_review\cubeClass.h(224,27): warning C4244: "=": konwersja z "double" do "T", możliwa utrata danych
          with
          [
              T=float
          ]
C:\Users\Tymek\Desktop\OPENGL_LIB\Try\Dependencies\headers\mesh.h(63,45): warning C4244: "argument": konwersja z "unsigned int" do "float", możliwa utrata danych
C:\Users\Tymek\Desktop\programming\cpp\OPENGL_LIB\lights_review\lights_review\lights.cpp(130,16): warning C4244: "inicjowanie": konwersja z "double" do "float", możliwa utrata danych
C:\Users\Tymek\Desktop\programming\cpp\OPENGL_LIB\lights_review\lights_review\lights.cpp(131,16): warning C4244: "inicjowanie": konwersja z "double" do "float", możliwa utrata danych
C:\Users\Tymek\Desktop\programming\cpp\OPENGL_LIB\lights_review\lights_review\lights.cpp(141,29): warning C4244: "=": konwersja z "double" do "float", możliwa utrata danych
C:\Users\Tymek\Desktop\programming\cpp\OPENGL_LIB\lights_review\lights_review\lights.cpp(193,16): warning C4244: "inicjowanie": konwersja z "int" do "float", możliwa utrata danych
C:\Users\Tymek\Desktop\programming\cpp\OPENGL_LIB\lights_review\lights_review\lights.cpp(200,16): warning C4244: "inicjowanie": konwersja z "int" do "float", możliwa utrata danych
  WindowInit.cpp
  Źródło.cpp
  Generowanie kodu...
LINK : warning LNK4098: domyślna biblioteka „MSVCRT” powoduje konflikt z innymi bibliotekami; użyj opcji /NODEFAULTLIB:biblioteka
  lights_review.vcxproj -> C:\Users\Tymek\Desktop\programming\cpp\OPENGL_LIB\lights_review\Debug\lights_review.exe
